nohup: ignoring input
 * Serving Flask app 'app'
 * Debug mode: off
[31m[1mWARNING: This is a development server. Do not use it in a production deployment. Use a production WSGI server instead.[0m
 * Running on all addresses (0.0.0.0)
 * Running on http://127.0.0.1:8080
 * Running on http://192.168.1.137:8080
[33mPress CTRL+C to quit[0m
192.168.1.7 - - [16/Mar/2026 13:15:27] "POST /api/run-audit HTTP/1.1" 200 -
[2026-03-16 13:15:27,224] ERROR in app: Exception on / [GET]
Traceback (most recent call last):
  File "/home/adminu/mpiv/tenable-tvm-healthcheck-v5/.venv/lib/python3.12/site-packages/flask/app.py", line 1511, in wsgi_app
    response = self.full_dispatch_request()
               ^^^^^^^^^^^^^^^^^^^^^^^^^^^^
  File "/home/adminu/mpiv/tenable-tvm-healthcheck-v5/.venv/lib/python3.12/site-packages/flask/app.py", line 919, in full_dispatch_request
    rv = self.handle_user_exception(e)
         ^^^^^^^^^^^^^^^^^^^^^^^^^^^^^
  File "/home/adminu/mpiv/tenable-tvm-healthcheck-v5/.venv/lib/python3.12/site-packages/flask/app.py", line 917, in full_dispatch_request
    rv = self.dispatch_request()
         ^^^^^^^^^^^^^^^^^^^^^^^
  File "/home/adminu/mpiv/tenable-tvm-healthcheck-v5/.venv/lib/python3.12/site-packages/flask/app.py", line 902, in dispatch_request
    return self.ensure_sync(self.view_functions[rule.endpoint])(**view_args)  # type: ignore[no-any-return]
           ^^^^^^^^^^^^^^^^^^^^^^^^^^^^^^^^^^^^^^^^^^^^^^^^^^^^^^^^^^^^^^^^^
  File "/home/adminu/mpiv/tenable-tvm-healthcheck-v5/web/app.py", line 19, in index
    return render_template('index.html', data=data)
           ^^^^^^^^^^^^^^^^^^^^^^^^^^^^^^^^^^^^^^^^
  File "/home/adminu/mpiv/tenable-tvm-healthcheck-v5/.venv/lib/python3.12/site-packages/flask/templating.py", line 151, in render_template
    return _render(app, template, context)
           ^^^^^^^^^^^^^^^^^^^^^^^^^^^^^^^
  File "/home/adminu/mpiv/tenable-tvm-healthcheck-v5/.venv/lib/python3.12/site-packages/flask/templating.py", line 132, in _render
    rv = template.render(context)
         ^^^^^^^^^^^^^^^^^^^^^^^^
  File "/home/adminu/mpiv/tenable-tvm-healthcheck-v5/.venv/lib/python3.12/site-packages/jinja2/environment.py", line 1295, in render
    self.environment.handle_exception()
  File "/home/adminu/mpiv/tenable-tvm-healthcheck-v5/.venv/lib/python3.12/site-packages/jinja2/environment.py", line 942, in handle_exception
    raise rewrite_traceback_stack(source=source)
  File "/home/adminu/mpiv/tenable-tvm-healthcheck-v5/web/templates/index.html", line 83, in top-level template code
    <small class="text-secondary">Rec: {{ finding.recommendations[0] }}</small>
    ^^^^^^^^^^^^^^^^^^^^^^^^^
  File "/home/adminu/mpiv/tenable-tvm-healthcheck-v5/.venv/lib/python3.12/site-packages/jinja2/environment.py", line 471, in getitem
    return obj[argument]
           ~~~^^^^^^^^^^
jinja2.exceptions.UndefinedError: 'dict object' has no attribute 'recommendations'
192.168.1.7 - - [16/Mar/2026 13:15:27] "[35m[1mGET / HTTP/1.1[0m" 500 -
[2026-03-16 13:15:44,928] ERROR in app: Exception on / [GET]
Traceback (most recent call last):
  File "/home/adminu/mpiv/tenable-tvm-healthcheck-v5/.venv/lib/python3.12/site-packages/flask/app.py", line 1511, in wsgi_app
    response = self.full_dispatch_request()
               ^^^^^^^^^^^^^^^^^^^^^^^^^^^^
  File "/home/adminu/mpiv/tenable-tvm-healthcheck-v5/.venv/lib/python3.12/site-packages/flask/app.py", line 919, in full_dispatch_request
    rv = self.handle_user_exception(e)
         ^^^^^^^^^^^^^^^^^^^^^^^^^^^^^
  File "/home/adminu/mpiv/tenable-tvm-healthcheck-v5/.venv/lib/python3.12/site-packages/flask/app.py", line 917, in full_dispatch_request
    rv = self.dispatch_request()
         ^^^^^^^^^^^^^^^^^^^^^^^
  File "/home/adminu/mpiv/tenable-tvm-healthcheck-v5/.venv/lib/python3.12/site-packages/flask/app.py", line 902, in dispatch_request
    return self.ensure_sync(self.view_functions[rule.endpoint])(**view_args)  # type: ignore[no-any-return]
           ^^^^^^^^^^^^^^^^^^^^^^^^^^^^^^^^^^^^^^^^^^^^^^^^^^^^^^^^^^^^^^^^^
  File "/home/adminu/mpiv/tenable-tvm-healthcheck-v5/web/app.py", line 19, in index
    return render_template('index.html', data=data)
           ^^^^^^^^^^^^^^^^^^^^^^^^^^^^^^^^^^^^^^^^
  File "/home/adminu/mpiv/tenable-tvm-healthcheck-v5/.venv/lib/python3.12/site-packages/flask/templating.py", line 151, in render_template
    return _render(app, template, context)
           ^^^^^^^^^^^^^^^^^^^^^^^^^^^^^^^
  File "/home/adminu/mpiv/tenable-tvm-healthcheck-v5/.venv/lib/python3.12/site-packages/flask/templating.py", line 132, in _render
    rv = template.render(context)
         ^^^^^^^^^^^^^^^^^^^^^^^^
  File "/home/adminu/mpiv/tenable-tvm-healthcheck-v5/.venv/lib/python3.12/site-packages/jinja2/environment.py", line 1295, in render
    self.environment.handle_exception()
  File "/home/adminu/mpiv/tenable-tvm-healthcheck-v5/.venv/lib/python3.12/site-packages/jinja2/environment.py", line 942, in handle_exception
    raise rewrite_traceback_stack(source=source)
  File "/home/adminu/mpiv/tenable-tvm-healthcheck-v5/web/templates/index.html", line 83, in top-level template code
    <small class="text-secondary">Rec: {{ finding.recommendations[0] }}</small>
    ^^^^^^^^^^^^^^^^^^^^^^^^^
  File "/home/adminu/mpiv/tenable-tvm-healthcheck-v5/.venv/lib/python3.12/site-packages/jinja2/environment.py", line 471, in getitem
    return obj[argument]
           ~~~^^^^^^^^^^
jinja2.exceptions.UndefinedError: 'dict object' has no attribute 'recommendations'
192.168.1.7 - - [16/Mar/2026 13:15:44] "[35m[1mGET / HTTP/1.1[0m" 500 -
[2026-03-16 13:15:52,682] ERROR in app: Exception on / [GET]
Traceback (most recent call last):
  File "/home/adminu/mpiv/tenable-tvm-healthcheck-v5/.venv/lib/python3.12/site-packages/flask/app.py", line 1511, in wsgi_app
    response = self.full_dispatch_request()
               ^^^^^^^^^^^^^^^^^^^^^^^^^^^^
  File "/home/adminu/mpiv/tenable-tvm-healthcheck-v5/.venv/lib/python3.12/site-packages/flask/app.py", line 919, in full_dispatch_request
    rv = self.handle_user_exception(e)
         ^^^^^^^^^^^^^^^^^^^^^^^^^^^^^
  File "/home/adminu/mpiv/tenable-tvm-healthcheck-v5/.venv/lib/python3.12/site-packages/flask/app.py", line 917, in full_dispatch_request
    rv = self.dispatch_request()
         ^^^^^^^^^^^^^^^^^^^^^^^
  File "/home/adminu/mpiv/tenable-tvm-healthcheck-v5/.venv/lib/python3.12/site-packages/flask/app.py", line 902, in dispatch_request
    return self.ensure_sync(self.view_functions[rule.endpoint])(**view_args)  # type: ignore[no-any-return]
           ^^^^^^^^^^^^^^^^^^^^^^^^^^^^^^^^^^^^^^^^^^^^^^^^^^^^^^^^^^^^^^^^^
  File "/home/adminu/mpiv/tenable-tvm-healthcheck-v5/web/app.py", line 19, in index
    return render_template('index.html', data=data)
           ^^^^^^^^^^^^^^^^^^^^^^^^^^^^^^^^^^^^^^^^
  File "/home/adminu/mpiv/tenable-tvm-healthcheck-v5/.venv/lib/python3.12/site-packages/flask/templating.py", line 151, in render_template
    return _render(app, template, context)
           ^^^^^^^^^^^^^^^^^^^^^^^^^^^^^^^
  File "/home/adminu/mpiv/tenable-tvm-healthcheck-v5/.venv/lib/python3.12/site-packages/flask/templating.py", line 132, in _render
    rv = template.render(context)
         ^^^^^^^^^^^^^^^^^^^^^^^^
  File "/home/adminu/mpiv/tenable-tvm-healthcheck-v5/.venv/lib/python3.12/site-packages/jinja2/environment.py", line 1295, in render
    self.environment.handle_exception()
  File "/home/adminu/mpiv/tenable-tvm-healthcheck-v5/.venv/lib/python3.12/site-packages/jinja2/environment.py", line 942, in handle_exception
    raise rewrite_traceback_stack(source=source)
  File "/home/adminu/mpiv/tenable-tvm-healthcheck-v5/web/templates/index.html", line 83, in top-level template code
    <small class="text-secondary">Rec: {{ finding.recommendations[0] }}</small>
    ^^^^^^^^^^^^^^^^^^^^^^^^^
  File "/home/adminu/mpiv/tenable-tvm-healthcheck-v5/.venv/lib/python3.12/site-packages/jinja2/environment.py", line 471, in getitem
    return obj[argument]
           ~~~^^^^^^^^^^
jinja2.exceptions.UndefinedError: 'dict object' has no attribute 'recommendations'
192.168.1.7 - - [16/Mar/2026 13:15:52] "[35m[1mGET / HTTP/1.1[0m" 500 -
